android/app/build_OLD_25368/intermediates/manifest_merge_blame_file/release/processReleaseMainManifest/manifest-merger-blame-release-report.txt
1<?xml version="1.0" encoding="utf-8"?>
2<manifest xmlns:android="http://schemas.android.com/apk/res/android"
3    package="com.anexocobro.app"
4    android:versionCode="6140"
5    android:versionName="6.1.40" >
6
7    <uses-sdk
8        android:minSdkVersion="24"
9        android:targetSdkVersion="36" />
10
11    <!-- Permissions -->
12    <uses-permission android:name="android.permission.INTERNET" />
12-->src\main\AndroidManifest.xml:35:5-67
12-->src\main\AndroidManifest.xml:35:22-64
13    <uses-permission android:name="android.permission.ACCESS_COARSE_LOCATION" />
13-->src\main\AndroidManifest.xml:36:5-81
13-->src\main\AndroidManifest.xml:36:22-78
14    <uses-permission android:name="android.permission.ACCESS_FINE_LOCATION" />
14-->src\main\AndroidManifest.xml:37:5-79
14-->src\main\AndroidManifest.xml:37:22-76
15
16    <uses-feature android:name="android.hardware.location.gps" />
16-->src\main\AndroidManifest.xml:38:5-66
16-->src\main\AndroidManifest.xml:38:19-63
17
18    <uses-permission android:name="android.permission.CAMERA" />
18-->src\main\AndroidManifest.xml:39:5-65
18-->src\main\AndroidManifest.xml:39:22-62
19    <uses-permission android:name="android.permission.READ_CONTACTS" />
19-->src\main\AndroidManifest.xml:40:5-72
19-->src\main\AndroidManifest.xml:40:22-69
20    <uses-permission android:name="android.permission.WRITE_CONTACTS" />
20-->src\main\AndroidManifest.xml:41:5-73
20-->src\main\AndroidManifest.xml:41:22-70
21    <uses-permission android:name="android.permission.BLUETOOTH" />
21-->src\main\AndroidManifest.xml:42:5-68
21-->src\main\AndroidManifest.xml:42:22-65
22    <uses-permission android:name="android.permission.BLUETOOTH_ADMIN" />
22-->src\main\AndroidManifest.xml:43:5-74
22-->src\main\AndroidManifest.xml:43:22-71
23    <uses-permission android:name="android.permission.BLUETOOTH_SCAN" />
23-->src\main\AndroidManifest.xml:44:5-73
23-->src\main\AndroidManifest.xml:44:22-70
24    <uses-permission android:name="android.permission.BLUETOOTH_CONNECT" />
24-->src\main\AndroidManifest.xml:45:5-76
24-->src\main\AndroidManifest.xml:45:22-73
25    <uses-permission android:name="android.permission.POST_NOTIFICATIONS" />
25-->src\main\AndroidManifest.xml:46:5-77
25-->src\main\AndroidManifest.xml:46:22-74
26    <uses-permission android:name="android.permission.ACCESS_NETWORK_STATE" />
26-->src\main\AndroidManifest.xml:47:5-79
26-->src\main\AndroidManifest.xml:47:22-76
27    <uses-permission android:name="android.permission.READ_EXTERNAL_STORAGE" />
27-->src\main\AndroidManifest.xml:48:5-80
27-->src\main\AndroidManifest.xml:48:22-77
28    <uses-permission android:name="android.permission.WRITE_EXTERNAL_STORAGE" />
28-->src\main\AndroidManifest.xml:49:5-81
28-->src\main\AndroidManifest.xml:49:22-78
29
30    <!-- Permisos para Sincronización en Segundo Plano -->
31    <uses-permission android:name="android.permission.FOREGROUND_SERVICE" />
31-->src\main\AndroidManifest.xml:52:5-77
31-->src\main\AndroidManifest.xml:52:22-74
32    <uses-permission android:name="android.permission.RECEIVE_BOOT_COMPLETED" />
32-->src\main\AndroidManifest.xml:53:5-81
32-->src\main\AndroidManifest.xml:53:22-78
33    <uses-permission android:name="android.permission.FOREGROUND_SERVICE_DATA_SYNC" />
33-->src\main\AndroidManifest.xml:54:5-87
33-->src\main\AndroidManifest.xml:54:22-84
34
35    <queries>
35-->[:capacitor-camera] AndroidManifest.xml:7:5-11:15
36        <intent>
36-->[:capacitor-camera] AndroidManifest.xml:8:9-10:18
37            <action android:name="android.media.action.IMAGE_CAPTURE" />
37-->[:capacitor-camera] AndroidManifest.xml:9:13-73
37-->[:capacitor-camera] AndroidManifest.xml:9:21-70
38        </intent>
39    </queries>
40
41    <uses-permission android:name="android.permission.WAKE_LOCK" /> <!-- Required by older versions of Google Play services to create IID tokens -->
41-->[com.google.firebase:firebase-messaging:25.0.1] AndroidManifest.xml:24:5-68
41-->[com.google.firebase:firebase-messaging:25.0.1] AndroidManifest.xml:24:22-65
42    <uses-permission android:name="com.google.android.c2dm.permission.RECEIVE" />
42-->[com.google.firebase:firebase-messaging:25.0.1] AndroidManifest.xml:26:5-82
42-->[com.google.firebase:firebase-messaging:25.0.1] AndroidManifest.xml:26:22-79
43
44    <permission
44-->[androidx.core:core:1.17.0] AndroidManifest.xml:22:5-24:47
45        android:name="com.anexocobro.app.DYNAMIC_RECEIVER_NOT_EXPORTED_PERMISSION"
45-->[androidx.core:core:1.17.0] AndroidManifest.xml:23:9-81
46        android:protectionLevel="signature" />
46-->[androidx.core:core:1.17.0] AndroidManifest.xml:24:9-44
47
48    <uses-permission android:name="com.anexocobro.app.DYNAMIC_RECEIVER_NOT_EXPORTED_PERMISSION" />
48-->[androidx.core:core:1.17.0] AndroidManifest.xml:26:5-97
48-->[androidx.core:core:1.17.0] AndroidManifest.xml:26:22-94
49
50    <application
50-->src\main\AndroidManifest.xml:3:5-32:19
51        android:allowBackup="true"
51-->src\main\AndroidManifest.xml:4:9-35
52        android:appComponentFactory="androidx.core.app.CoreComponentFactory"
52-->[androidx.core:core:1.17.0] AndroidManifest.xml:28:18-86
53        android:extractNativeLibs="false"
54        android:icon="@mipmap/ic_launcher"
54-->src\main\AndroidManifest.xml:6:9-43
55        android:label="@string/app_name"
55-->src\main\AndroidManifest.xml:7:9-41
56        android:largeHeap="true"
56-->src\main\AndroidManifest.xml:5:9-33
57        android:roundIcon="@mipmap/ic_launcher_round"
57-->src\main\AndroidManifest.xml:8:9-54
58        android:supportsRtl="true"
58-->src\main\AndroidManifest.xml:9:9-35
59        android:theme="@style/AppTheme"
59-->src\main\AndroidManifest.xml:10:9-40
60        android:usesCleartextTraffic="true" >
60-->src\main\AndroidManifest.xml:11:9-44
61        <activity
61-->src\main\AndroidManifest.xml:12:9-23:20
62            android:name="com.anexocobro.app.MainActivity"
62-->src\main\AndroidManifest.xml:14:13-41
63            android:configChanges="orientation|keyboardHidden|keyboard|screenSize|locale|smallestScreenSize|screenLayout|uiMode|navigation|density"
63-->src\main\AndroidManifest.xml:13:13-148
64            android:exported="true"
64-->src\main\AndroidManifest.xml:18:13-36
65            android:label="@string/title_activity_main"
65-->src\main\AndroidManifest.xml:15:13-56
66            android:launchMode="singleTask"
66-->src\main\AndroidManifest.xml:17:13-44
67            android:theme="@style/AppTheme.NoActionBarLaunch" >
67-->src\main\AndroidManifest.xml:16:13-62
68            <intent-filter>
68-->src\main\AndroidManifest.xml:19:13-22:29
69                <action android:name="android.intent.action.MAIN" />
69-->src\main\AndroidManifest.xml:20:17-69
69-->src\main\AndroidManifest.xml:20:25-66
70
71                <category android:name="android.intent.category.LAUNCHER" />
71-->src\main\AndroidManifest.xml:21:17-77
71-->src\main\AndroidManifest.xml:21:27-74
72            </intent-filter>
73        </activity>
74
75        <provider
76            android:name="androidx.core.content.FileProvider"
76-->src\main\AndroidManifest.xml:26:13-62
77            android:authorities="com.anexocobro.app.fileprovider"
77-->src\main\AndroidManifest.xml:27:13-64
78            android:exported="false"
78-->src\main\AndroidManifest.xml:28:13-37
79            android:grantUriPermissions="true" >
79-->src\main\AndroidManifest.xml:29:13-47
80            <meta-data
80-->src\main\AndroidManifest.xml:30:13-112
81                android:name="android.support.FILE_PROVIDER_PATHS"
81-->src\main\AndroidManifest.xml:30:24-74
82                android:resource="@xml/file_paths" />
82-->src\main\AndroidManifest.xml:30:75-109
83        </provider>
84
85        <service
85-->[:capacitor-push-notifications] AndroidManifest.xml:8:9-14:19
86            android:name="com.capacitorjs.plugins.pushnotifications.MessagingService"
86-->[:capacitor-push-notifications] AndroidManifest.xml:9:13-86
87            android:exported="false" >
87-->[:capacitor-push-notifications] AndroidManifest.xml:10:13-37
88            <intent-filter>
88-->[:capacitor-push-notifications] AndroidManifest.xml:11:13-13:29
89                <action android:name="com.google.firebase.MESSAGING_EVENT" />
89-->[:capacitor-push-notifications] AndroidManifest.xml:12:17-78
89-->[:capacitor-push-notifications] AndroidManifest.xml:12:25-75
90            </intent-filter>
91        </service>
92
93        <receiver
93-->[com.google.firebase:firebase-messaging:25.0.1] AndroidManifest.xml:29:9-40:20
94            android:name="com.google.firebase.iid.FirebaseInstanceIdReceiver"
94-->[com.google.firebase:firebase-messaging:25.0.1] AndroidManifest.xml:30:13-78
95            android:exported="true"
95-->[com.google.firebase:firebase-messaging:25.0.1] AndroidManifest.xml:31:13-36
96            android:permission="com.google.android.c2dm.permission.SEND" >
96-->[com.google.firebase:firebase-messaging:25.0.1] AndroidManifest.xml:32:13-73
97            <intent-filter>
97-->[com.google.firebase:firebase-messaging:25.0.1] AndroidManifest.xml:33:13-35:29
98                <action android:name="com.google.android.c2dm.intent.RECEIVE" />
98-->[com.google.firebase:firebase-messaging:25.0.1] AndroidManifest.xml:34:17-81
98-->[com.google.firebase:firebase-messaging:25.0.1] AndroidManifest.xml:34:25-78
99            </intent-filter>
100
101            <meta-data
101-->[com.google.firebase:firebase-messaging:25.0.1] AndroidManifest.xml:37:13-39:40
102                android:name="com.google.android.gms.cloudmessaging.FINISHED_AFTER_HANDLED"
102-->[com.google.firebase:firebase-messaging:25.0.1] AndroidManifest.xml:38:17-92
103                android:value="true" />
103-->[com.google.firebase:firebase-messaging:25.0.1] AndroidManifest.xml:39:17-37
104        </receiver>
105        <!--
106             FirebaseMessagingService performs security checks at runtime,
107             but set to not exported to explicitly avoid allowing another app to call it.
108        -->
109        <service
109-->[com.google.firebase:firebase-messaging:25.0.1] AndroidManifest.xml:46:9-53:19
110            android:name="com.google.firebase.messaging.FirebaseMessagingService"
110-->[com.google.firebase:firebase-messaging:25.0.1] AndroidManifest.xml:47:13-82
111            android:directBootAware="true"
111-->[com.google.firebase:firebase-messaging:25.0.1] AndroidManifest.xml:48:13-43
112            android:exported="false" >
112-->[com.google.firebase:firebase-messaging:25.0.1] AndroidManifest.xml:49:13-37
113            <intent-filter android:priority="-500" >
113-->[:capacitor-push-notifications] AndroidManifest.xml:11:13-13:29
114                <action android:name="com.google.firebase.MESSAGING_EVENT" />
114-->[:capacitor-push-notifications] AndroidManifest.xml:12:17-78
114-->[:capacitor-push-notifications] AndroidManifest.xml:12:25-75
115            </intent-filter>
116        </service>
117        <service
117-->[com.google.firebase:firebase-messaging:25.0.1] AndroidManifest.xml:54:9-63:19
118            android:name="com.google.firebase.components.ComponentDiscoveryService"
118-->[com.google.firebase:firebase-messaging:25.0.1] AndroidManifest.xml:55:13-84
119            android:directBootAware="true"
119-->[com.google.firebase:firebase-common:22.0.1] AndroidManifest.xml:32:13-43
120            android:exported="false" >
120-->[com.google.firebase:firebase-messaging:25.0.1] AndroidManifest.xml:56:13-37
121            <meta-data
121-->[com.google.firebase:firebase-messaging:25.0.1] AndroidManifest.xml:57:13-59:85
122                android:name="com.google.firebase.components:com.google.firebase.messaging.FirebaseMessagingKtxRegistrar"
122-->[com.google.firebase:firebase-messaging:25.0.1] AndroidManifest.xml:58:17-122
123                android:value="com.google.firebase.components.ComponentRegistrar" />
123-->[com.google.firebase:firebase-messaging:25.0.1] AndroidManifest.xml:59:17-82
124            <meta-data
124-->[com.google.firebase:firebase-messaging:25.0.1] AndroidManifest.xml:60:13-62:85
125                android:name="com.google.firebase.components:com.google.firebase.messaging.FirebaseMessagingRegistrar"
125-->[com.google.firebase:firebase-messaging:25.0.1] AndroidManifest.xml:61:17-119
126                android:value="com.google.firebase.components.ComponentRegistrar" />
126-->[com.google.firebase:firebase-messaging:25.0.1] AndroidManifest.xml:62:17-82
127            <meta-data
127-->[com.google.firebase:firebase-installations:18.0.0] AndroidManifest.xml:15:13-17:85
128                android:name="com.google.firebase.components:com.google.firebase.installations.FirebaseInstallationsKtxRegistrar"
128-->[com.google.firebase:firebase-installations:18.0.0] AndroidManifest.xml:16:17-130
129                android:value="com.google.firebase.components.ComponentRegistrar" />
129-->[com.google.firebase:firebase-installations:18.0.0] AndroidManifest.xml:17:17-82
130            <meta-data
130-->[com.google.firebase:firebase-installations:18.0.0] AndroidManifest.xml:18:13-20:85
131                android:name="com.google.firebase.components:com.google.firebase.installations.FirebaseInstallationsRegistrar"
131-->[com.google.firebase:firebase-installations:18.0.0] AndroidManifest.xml:19:17-127
132                android:value="com.google.firebase.components.ComponentRegistrar" />
132-->[com.google.firebase:firebase-installations:18.0.0] AndroidManifest.xml:20:17-82
133            <meta-data
133-->[com.google.firebase:firebase-common:22.0.1] AndroidManifest.xml:35:13-37:85
134                android:name="com.google.firebase.components:com.google.firebase.FirebaseCommonKtxRegistrar"
134-->[com.google.firebase:firebase-common:22.0.1] AndroidManifest.xml:36:17-109
135                android:value="com.google.firebase.components.ComponentRegistrar" />
135-->[com.google.firebase:firebase-common:22.0.1] AndroidManifest.xml:37:17-82
136            <meta-data
136-->[com.google.firebase:firebase-datatransport:18.2.0] AndroidManifest.xml:25:13-27:85
137                android:name="com.google.firebase.components:com.google.firebase.datatransport.TransportRegistrar"
137-->[com.google.firebase:firebase-datatransport:18.2.0] AndroidManifest.xml:26:17-115
138                android:value="com.google.firebase.components.ComponentRegistrar" />
138-->[com.google.firebase:firebase-datatransport:18.2.0] AndroidManifest.xml:27:17-82
139        </service>
140
141        <activity
141-->[com.google.android.gms:play-services-base:18.5.0] AndroidManifest.xml:5:9-173
142            android:name="com.google.android.gms.common.api.GoogleApiActivity"
142-->[com.google.android.gms:play-services-base:18.5.0] AndroidManifest.xml:5:19-85
143            android:exported="false"
143-->[com.google.android.gms:play-services-base:18.5.0] AndroidManifest.xml:5:146-170
144            android:theme="@android:style/Theme.Translucent.NoTitleBar" />
144-->[com.google.android.gms:play-services-base:18.5.0] AndroidManifest.xml:5:86-145
145
146        <provider
146-->[androidx.emoji2:emoji2:1.3.0] AndroidManifest.xml:24:9-32:20
147            android:name="androidx.startup.InitializationProvider"
147-->[androidx.emoji2:emoji2:1.3.0] AndroidManifest.xml:25:13-67
148            android:authorities="com.anexocobro.app.androidx-startup"
148-->[androidx.emoji2:emoji2:1.3.0] AndroidManifest.xml:26:13-68
149            android:exported="false" >
149-->[androidx.emoji2:emoji2:1.3.0] AndroidManifest.xml:27:13-37
150            <meta-data
150-->[androidx.emoji2:emoji2:1.3.0] AndroidManifest.xml:29:13-31:52
151                android:name="androidx.emoji2.text.EmojiCompatInitializer"
151-->[androidx.emoji2:emoji2:1.3.0] AndroidManifest.xml:30:17-75
152                android:value="androidx.startup" />
152-->[androidx.emoji2:emoji2:1.3.0] AndroidManifest.xml:31:17-49
153            <meta-data
153-->[androidx.lifecycle:lifecycle-process:2.6.2] AndroidManifest.xml:29:13-31:52
154                android:name="androidx.lifecycle.ProcessLifecycleInitializer"
154-->[androidx.lifecycle:lifecycle-process:2.6.2] AndroidManifest.xml:30:17-78
155                android:value="androidx.startup" />
155-->[androidx.lifecycle:lifecycle-process:2.6.2] AndroidManifest.xml:31:17-49
156            <meta-data
156-->[androidx.profileinstaller:profileinstaller:1.4.0] AndroidManifest.xml:29:13-31:52
157                android:name="androidx.profileinstaller.ProfileInstallerInitializer"
157-->[androidx.profileinstaller:profileinstaller:1.4.0] AndroidManifest.xml:30:17-85
158                android:value="androidx.startup" />
158-->[androidx.profileinstaller:profileinstaller:1.4.0] AndroidManifest.xml:31:17-49
159        </provider>
160        <provider
160-->[com.google.firebase:firebase-common:22.0.1] AndroidManifest.xml:23:9-28:39
161            android:name="com.google.firebase.provider.FirebaseInitProvider"
161-->[com.google.firebase:firebase-common:22.0.1] AndroidManifest.xml:24:13-77
162            android:authorities="com.anexocobro.app.firebaseinitprovider"
162-->[com.google.firebase:firebase-common:22.0.1] AndroidManifest.xml:25:13-72
163            android:directBootAware="true"
163-->[com.google.firebase:firebase-common:22.0.1] AndroidManifest.xml:26:13-43
164            android:exported="false"
164-->[com.google.firebase:firebase-common:22.0.1] AndroidManifest.xml:27:13-37
165            android:initOrder="100" />
165-->[com.google.firebase:firebase-common:22.0.1] AndroidManifest.xml:28:13-36
166
167        <meta-data
167-->[com.google.android.gms:play-services-basement:18.4.0] AndroidManifest.xml:6:9-122
168            android:name="com.google.android.gms.version"
168-->[com.google.android.gms:play-services-basement:18.4.0] AndroidManifest.xml:6:20-65
169            android:value="@integer/google_play_services_version" />
169-->[com.google.android.gms:play-services-basement:18.4.0] AndroidManifest.xml:6:66-119
170
171        <receiver
171-->[androidx.profileinstaller:profileinstaller:1.4.0] AndroidManifest.xml:34:9-52:20
172            android:name="androidx.profileinstaller.ProfileInstallReceiver"
172-->[androidx.profileinstaller:profileinstaller:1.4.0] AndroidManifest.xml:35:13-76
173            android:directBootAware="false"
173-->[androidx.profileinstaller:profileinstaller:1.4.0] AndroidManifest.xml:36:13-44
174            android:enabled="true"
174-->[androidx.profileinstaller:profileinstaller:1.4.0] AndroidManifest.xml:37:13-35
175            android:exported="true"
175-->[androidx.profileinstaller:profileinstaller:1.4.0] AndroidManifest.xml:38:13-36
176            android:permission="android.permission.DUMP" >
176-->[androidx.profileinstaller:profileinstaller:1.4.0] AndroidManifest.xml:39:13-57
177            <intent-filter>
177-->[androidx.profileinstaller:profileinstaller:1.4.0] AndroidManifest.xml:40:13-42:29
178                <action android:name="androidx.profileinstaller.action.INSTALL_PROFILE" />
178-->[androidx.profileinstaller:profileinstaller:1.4.0] AndroidManifest.xml:41:17-91
178-->[androidx.profileinstaller:profileinstaller:1.4.0] AndroidManifest.xml:41:25-88
179            </intent-filter>
180            <intent-filter>
180-->[androidx.profileinstaller:profileinstaller:1.4.0] AndroidManifest.xml:43:13-45:29
181                <action android:name="androidx.profileinstaller.action.SKIP_FILE" />
181-->[androidx.profileinstaller:profileinstaller:1.4.0] AndroidManifest.xml:44:17-85
181-->[androidx.profileinstaller:profileinstaller:1.4.0] AndroidManifest.xml:44:25-82
182            </intent-filter>
183            <intent-filter>
183-->[androidx.profileinstaller:profileinstaller:1.4.0] AndroidManifest.xml:46:13-48:29
184                <action android:name="androidx.profileinstaller.action.SAVE_PROFILE" />
184-->[androidx.profileinstaller:profileinstaller:1.4.0] AndroidManifest.xml:47:17-88
184-->[androidx.profileinstaller:profileinstaller:1.4.0] AndroidManifest.xml:47:25-85
185            </intent-filter>
186            <intent-filter>
186-->[androidx.profileinstaller:profileinstaller:1.4.0] AndroidManifest.xml:49:13-51:29
187                <action android:name="androidx.profileinstaller.action.BENCHMARK_OPERATION" />
187-->[androidx.profileinstaller:profileinstaller:1.4.0] AndroidManifest.xml:50:17-95
187-->[androidx.profileinstaller:profileinstaller:1.4.0] AndroidManifest.xml:50:25-92
188            </intent-filter>
189        </receiver>
190
191        <service
191-->[com.google.android.datatransport:transport-backend-cct:3.1.9] AndroidManifest.xml:28:9-34:19
192            android:name="com.google.android.datatransport.runtime.backends.TransportBackendDiscovery"
192-->[com.google.android.datatransport:transport-backend-cct:3.1.9] AndroidManifest.xml:29:13-103
193            android:exported="false" >
193-->[com.google.android.datatransport:transport-backend-cct:3.1.9] AndroidManifest.xml:30:13-37
194            <meta-data
194-->[com.google.android.datatransport:transport-backend-cct:3.1.9] AndroidManifest.xml:31:13-33:39
195                android:name="backend:com.google.android.datatransport.cct.CctBackendFactory"
195-->[com.google.android.datatransport:transport-backend-cct:3.1.9] AndroidManifest.xml:32:17-94
196                android:value="cct" />
196-->[com.google.android.datatransport:transport-backend-cct:3.1.9] AndroidManifest.xml:33:17-36
197        </service>
198        <service
198-->[com.google.android.datatransport:transport-runtime:3.1.9] AndroidManifest.xml:26:9-30:19
199            android:name="com.google.android.datatransport.runtime.scheduling.jobscheduling.JobInfoSchedulerService"
199-->[com.google.android.datatransport:transport-runtime:3.1.9] AndroidManifest.xml:27:13-117
200            android:exported="false"
200-->[com.google.android.datatransport:transport-runtime:3.1.9] AndroidManifest.xml:28:13-37
201            android:permission="android.permission.BIND_JOB_SERVICE" >
201-->[com.google.android.datatransport:transport-runtime:3.1.9] AndroidManifest.xml:29:13-69
202        </service>
203
204        <receiver
204-->[com.google.android.datatransport:transport-runtime:3.1.9] AndroidManifest.xml:32:9-34:40
205            android:name="com.google.android.datatransport.runtime.scheduling.jobscheduling.AlarmManagerSchedulerBroadcastReceiver"
205-->[com.google.android.datatransport:transport-runtime:3.1.9] AndroidManifest.xml:33:13-132
206            android:exported="false" />
206-->[com.google.android.datatransport:transport-runtime:3.1.9] AndroidManifest.xml:34:13-37
207    </application>
208
209</manifest>